<?xml version="1.0" encoding="UTF-8"?>
<!-- Generated by org.testng.reporters.JUnitXMLReporter -->
<testsuite hostname="DESKTOP-QGTLKMJ" name="Test" tests="4"
	failures="0" timestamp="22 Apr 2020 16:48:08 GMT" time="676.946"
	errors="0">
	<testcase name="test" time="21.397"
		classname="Com.qa.Test.Login_Test" />
	<testcase name="homet" time="17.804"
		classname="Com.qa.Test.Hometest" />
	<testcase name="data" time="92.383"
		classname="Com.qa.Test.Printertest" />
	<testcase name="addtest" time="23.884"
		classname="Com.qa.Test.Addresstest" />
</testsuite> <!-- Test -->
