<?xml version="1.0" encoding="UTF-8"?>
<testng-results skipped="0" failed="0" total="1" passed="1">
  <reporter-output>
  </reporter-output>
  <suite name="Default suite" duration-ms="85924" started-at="2020-04-23T09:05:41Z" finished-at="2020-04-23T09:07:07Z">
    <groups>
    </groups>
    <test name="Default test" duration-ms="85924" started-at="2020-04-23T09:05:41Z" finished-at="2020-04-23T09:07:07Z">
      <class name="Com.qa.Test.Login_Test">
        <test-method status="PASS" signature="setup()[pri:0, instance:Com.qa.Test.Login_Test@724af044]" name="setup" is-config="true" duration-ms="70165" started-at="2020-04-23T14:35:41Z" finished-at="2020-04-23T14:36:51Z">
          <reporter-output>
          </reporter-output>
        </test-method> <!-- setup -->
        <test-method status="PASS" signature="test()[pri:0, instance:Com.qa.Test.Login_Test@724af044]" name="test" duration-ms="14503" started-at="2020-04-23T14:36:51Z" finished-at="2020-04-23T14:37:05Z">
          <reporter-output>
          </reporter-output>
        </test-method> <!-- test -->
        <test-method status="PASS" signature="Teardown()[pri:0, instance:Com.qa.Test.Login_Test@724af044]" name="Teardown" is-config="true" duration-ms="1197" started-at="2020-04-23T14:37:05Z" finished-at="2020-04-23T14:37:07Z">
          <reporter-output>
          </reporter-output>
        </test-method> <!-- Teardown -->
      </class> <!-- Com.qa.Test.Login_Test -->
    </test> <!-- Default test -->
  </suite> <!-- Default suite -->
</testng-results>
